<?xml version="1.0" encoding="UTF-8"?>
<!-- Generated by org.testng.reporters.JUnitXMLReporter -->
<testsuite ignored="0" hostname="DESKTOP-C4OHGOA" failures="12" tests="12" name="Test" time="56.185" errors="0" timestamp="2022-03-15T21:15:39 GMT-07:00">
  <testcase classname="com.bankproject.testcase.TC_002_MultipleCustomer" name="addAllCustomer" time="2.08">
    <failure type="java.lang.AssertionError" message="expected [true] but found [false]">
      <![CDATA[java.lang.AssertionError: expected [true] but found [false]
at com.bankproject.testcase.TC_002_MultipleCustomer.addAllCustomer(TC_002_MultipleCustomer.java:35)
at java.base/java.util.ArrayList.forEach(ArrayList.java:1511)
... Removed 31 stack frames]]>
    </failure>
  </testcase> <!-- addAllCustomer -->
  <testcase classname="com.bankproject.testcase.TC_002_MultipleCustomer" name="addAllCustomer" time="0.937">
    <failure type="java.lang.AssertionError" message="expected [true] but found [false]">
      <![CDATA[java.lang.AssertionError: expected [true] but found [false]
at com.bankproject.testcase.TC_002_MultipleCustomer.addAllCustomer(TC_002_MultipleCustomer.java:35)
at java.base/java.util.ArrayList.forEach(ArrayList.java:1511)
... Removed 31 stack frames]]>
    </failure>
  </testcase> <!-- addAllCustomer -->
  <testcase classname="com.bankproject.testcase.TC_002_MultipleCustomer" name="addAllCustomer" time="0.991">
    <failure type="java.lang.AssertionError" message="expected [true] but found [false]">
      <![CDATA[java.lang.AssertionError: expected [true] but found [false]
at com.bankproject.testcase.TC_002_MultipleCustomer.addAllCustomer(TC_002_MultipleCustomer.java:35)
at java.base/java.util.ArrayList.forEach(ArrayList.java:1511)
... Removed 31 stack frames]]>
    </failure>
  </testcase> <!-- addAllCustomer -->
  <testcase classname="com.bankproject.testcase.TC_002_MultipleCustomer" name="addAllCustomer" time="0.884">
    <failure type="java.lang.AssertionError" message="expected [true] but found [false]">
      <![CDATA[java.lang.AssertionError: expected [true] but found [false]
at com.bankproject.testcase.TC_002_MultipleCustomer.addAllCustomer(TC_002_MultipleCustomer.java:35)
at java.base/java.util.ArrayList.forEach(ArrayList.java:1511)
... Removed 31 stack frames]]>
    </failure>
  </testcase> <!-- addAllCustomer -->
  <testcase classname="com.bankproject.testcase.TC_002_MultipleCustomer" name="addAllCustomer" time="1.005">
    <failure type="java.lang.AssertionError" message="expected [true] but found [false]">
      <![CDATA[java.lang.AssertionError: expected [true] but found [false]
at com.bankproject.testcase.TC_002_MultipleCustomer.addAllCustomer(TC_002_MultipleCustomer.java:35)
at java.base/java.util.ArrayList.forEach(ArrayList.java:1511)
... Removed 31 stack frames]]>
    </failure>
  </testcase> <!-- addAllCustomer -->
  <testcase classname="com.bankproject.testcase.TC_002_MultipleCustomer" name="addAllCustomer" time="0.975">
    <failure type="java.lang.AssertionError" message="expected [true] but found [false]">
      <![CDATA[java.lang.AssertionError: expected [true] but found [false]
at com.bankproject.testcase.TC_002_MultipleCustomer.addAllCustomer(TC_002_MultipleCustomer.java:35)
at java.base/java.util.ArrayList.forEach(ArrayList.java:1511)
... Removed 31 stack frames]]>
    </failure>
  </testcase> <!-- addAllCustomer -->
  <testcase classname="com.bankproject.testcase.TC_003_OpenAccMultilpleUser" name="openMutlipleAcc" time="6.013">
    <failure type="org.openqa.selenium.NoSuchElementException" message="Cannot locate option with text: user abc
For documentation on this error, please visit: https://selenium.dev/exceptions/#no_such_element
Build info: version: &amp;apos;4.1.2&amp;apos;, revision: &amp;apos;9a5a329c5a&amp;apos;
System info: host: &amp;apos;DESKTOP-C4OHGOA&amp;apos;, ip: &amp;apos;192.168.43.219&amp;apos;, os.name: &amp;apos;Windows 10&amp;apos;, os.arch: &amp;apos;amd64&amp;apos;, os.version: &amp;apos;10.0&amp;apos;, java.version: &amp;apos;17&amp;apos;
Driver info: driver.version: unknown">
      <![CDATA[org.openqa.selenium.NoSuchElementException: Cannot locate option with text: user abc
For documentation on this error, please visit: https://selenium.dev/exceptions/#no_such_element
Build info: version: '4.1.2', revision: '9a5a329c5a'
System info: host: 'DESKTOP-C4OHGOA', ip: '192.168.43.219', os.name: 'Windows 10', os.arch: 'amd64', os.version: '10.0', java.version: '17'
Driver info: driver.version: unknown
at org.openqa.selenium.support.ui.Select.selectByVisibleText(Select.java:151)
at com.bankproject.pageobject.OpenAccount.selectFromCustName(OpenAccount.java:61)
at com.bankproject.testcase.TC_003_OpenAccMultilpleUser.openMutlipleAcc(TC_003_OpenAccMultilpleUser.java:26)
at java.base/java.util.ArrayList.forEach(ArrayList.java:1511)
... Removed 27 stack frames]]>
    </failure>
  </testcase> <!-- openMutlipleAcc -->
  <testcase classname="com.bankproject.testcase.TC_003_OpenAccMultilpleUser" name="openMutlipleAcc" time="4.463">
    <failure type="org.openqa.selenium.NoSuchElementException" message="Cannot locate option with text: user xyz
For documentation on this error, please visit: https://selenium.dev/exceptions/#no_such_element
Build info: version: &amp;apos;4.1.2&amp;apos;, revision: &amp;apos;9a5a329c5a&amp;apos;
System info: host: &amp;apos;DESKTOP-C4OHGOA&amp;apos;, ip: &amp;apos;192.168.43.219&amp;apos;, os.name: &amp;apos;Windows 10&amp;apos;, os.arch: &amp;apos;amd64&amp;apos;, os.version: &amp;apos;10.0&amp;apos;, java.version: &amp;apos;17&amp;apos;
Driver info: driver.version: unknown">
      <![CDATA[org.openqa.selenium.NoSuchElementException: Cannot locate option with text: user xyz
For documentation on this error, please visit: https://selenium.dev/exceptions/#no_such_element
Build info: version: '4.1.2', revision: '9a5a329c5a'
System info: host: 'DESKTOP-C4OHGOA', ip: '192.168.43.219', os.name: 'Windows 10', os.arch: 'amd64', os.version: '10.0', java.version: '17'
Driver info: driver.version: unknown
at org.openqa.selenium.support.ui.Select.selectByVisibleText(Select.java:151)
at com.bankproject.pageobject.OpenAccount.selectFromCustName(OpenAccount.java:61)
at com.bankproject.testcase.TC_003_OpenAccMultilpleUser.openMutlipleAcc(TC_003_OpenAccMultilpleUser.java:26)
at java.base/java.util.ArrayList.forEach(ArrayList.java:1511)
... Removed 27 stack frames]]>
    </failure>
  </testcase> <!-- openMutlipleAcc -->
  <testcase classname="com.bankproject.testcase.TC_003_OpenAccMultilpleUser" name="openMutlipleAcc" time="4.41">
    <failure type="org.openqa.selenium.NoSuchElementException" message="Cannot locate option with text: user pqr
For documentation on this error, please visit: https://selenium.dev/exceptions/#no_such_element
Build info: version: &amp;apos;4.1.2&amp;apos;, revision: &amp;apos;9a5a329c5a&amp;apos;
System info: host: &amp;apos;DESKTOP-C4OHGOA&amp;apos;, ip: &amp;apos;192.168.43.219&amp;apos;, os.name: &amp;apos;Windows 10&amp;apos;, os.arch: &amp;apos;amd64&amp;apos;, os.version: &amp;apos;10.0&amp;apos;, java.version: &amp;apos;17&amp;apos;
Driver info: driver.version: unknown">
      <![CDATA[org.openqa.selenium.NoSuchElementException: Cannot locate option with text: user pqr
For documentation on this error, please visit: https://selenium.dev/exceptions/#no_such_element
Build info: version: '4.1.2', revision: '9a5a329c5a'
System info: host: 'DESKTOP-C4OHGOA', ip: '192.168.43.219', os.name: 'Windows 10', os.arch: 'amd64', os.version: '10.0', java.version: '17'
Driver info: driver.version: unknown
at org.openqa.selenium.support.ui.Select.selectByVisibleText(Select.java:151)
at com.bankproject.pageobject.OpenAccount.selectFromCustName(OpenAccount.java:61)
at com.bankproject.testcase.TC_003_OpenAccMultilpleUser.openMutlipleAcc(TC_003_OpenAccMultilpleUser.java:26)
at java.base/java.util.ArrayList.forEach(ArrayList.java:1511)
... Removed 27 stack frames]]>
    </failure>
  </testcase> <!-- openMutlipleAcc -->
  <testcase classname="com.bankproject.testcase.TC_003_OpenAccMultilpleUser" name="openMutlipleAcc" time="4.435">
    <failure type="org.openqa.selenium.NoSuchElementException" message="Cannot locate option with text: user lmn
For documentation on this error, please visit: https://selenium.dev/exceptions/#no_such_element
Build info: version: &amp;apos;4.1.2&amp;apos;, revision: &amp;apos;9a5a329c5a&amp;apos;
System info: host: &amp;apos;DESKTOP-C4OHGOA&amp;apos;, ip: &amp;apos;192.168.43.219&amp;apos;, os.name: &amp;apos;Windows 10&amp;apos;, os.arch: &amp;apos;amd64&amp;apos;, os.version: &amp;apos;10.0&amp;apos;, java.version: &amp;apos;17&amp;apos;
Driver info: driver.version: unknown">
      <![CDATA[org.openqa.selenium.NoSuchElementException: Cannot locate option with text: user lmn
For documentation on this error, please visit: https://selenium.dev/exceptions/#no_such_element
Build info: version: '4.1.2', revision: '9a5a329c5a'
System info: host: 'DESKTOP-C4OHGOA', ip: '192.168.43.219', os.name: 'Windows 10', os.arch: 'amd64', os.version: '10.0', java.version: '17'
Driver info: driver.version: unknown
at org.openqa.selenium.support.ui.Select.selectByVisibleText(Select.java:151)
at com.bankproject.pageobject.OpenAccount.selectFromCustName(OpenAccount.java:61)
at com.bankproject.testcase.TC_003_OpenAccMultilpleUser.openMutlipleAcc(TC_003_OpenAccMultilpleUser.java:26)
at java.base/java.util.ArrayList.forEach(ArrayList.java:1511)
... Removed 27 stack frames]]>
    </failure>
  </testcase> <!-- openMutlipleAcc -->
  <testcase classname="com.bankproject.testcase.TC_003_OpenAccMultilpleUser" name="openMutlipleAcc" time="4.476">
    <failure type="org.openqa.selenium.NoSuchElementException" message="Cannot locate option with text: user qrs
For documentation on this error, please visit: https://selenium.dev/exceptions/#no_such_element
Build info: version: &amp;apos;4.1.2&amp;apos;, revision: &amp;apos;9a5a329c5a&amp;apos;
System info: host: &amp;apos;DESKTOP-C4OHGOA&amp;apos;, ip: &amp;apos;192.168.43.219&amp;apos;, os.name: &amp;apos;Windows 10&amp;apos;, os.arch: &amp;apos;amd64&amp;apos;, os.version: &amp;apos;10.0&amp;apos;, java.version: &amp;apos;17&amp;apos;
Driver info: driver.version: unknown">
      <![CDATA[org.openqa.selenium.NoSuchElementException: Cannot locate option with text: user qrs
For documentation on this error, please visit: https://selenium.dev/exceptions/#no_such_element
Build info: version: '4.1.2', revision: '9a5a329c5a'
System info: host: 'DESKTOP-C4OHGOA', ip: '192.168.43.219', os.name: 'Windows 10', os.arch: 'amd64', os.version: '10.0', java.version: '17'
Driver info: driver.version: unknown
at org.openqa.selenium.support.ui.Select.selectByVisibleText(Select.java:151)
at com.bankproject.pageobject.OpenAccount.selectFromCustName(OpenAccount.java:61)
at com.bankproject.testcase.TC_003_OpenAccMultilpleUser.openMutlipleAcc(TC_003_OpenAccMultilpleUser.java:26)
at java.base/java.util.ArrayList.forEach(ArrayList.java:1511)
... Removed 27 stack frames]]>
    </failure>
  </testcase> <!-- openMutlipleAcc -->
  <testcase classname="com.bankproject.testcase.TC_003_OpenAccMultilpleUser" name="openMutlipleAcc" time="4.682">
    <failure type="org.openqa.selenium.NoSuchElementException" message="Cannot locate option with text: user jkl
For documentation on this error, please visit: https://selenium.dev/exceptions/#no_such_element
Build info: version: &amp;apos;4.1.2&amp;apos;, revision: &amp;apos;9a5a329c5a&amp;apos;
System info: host: &amp;apos;DESKTOP-C4OHGOA&amp;apos;, ip: &amp;apos;192.168.43.219&amp;apos;, os.name: &amp;apos;Windows 10&amp;apos;, os.arch: &amp;apos;amd64&amp;apos;, os.version: &amp;apos;10.0&amp;apos;, java.version: &amp;apos;17&amp;apos;
Driver info: driver.version: unknown">
      <![CDATA[org.openqa.selenium.NoSuchElementException: Cannot locate option with text: user jkl
For documentation on this error, please visit: https://selenium.dev/exceptions/#no_such_element
Build info: version: '4.1.2', revision: '9a5a329c5a'
System info: host: 'DESKTOP-C4OHGOA', ip: '192.168.43.219', os.name: 'Windows 10', os.arch: 'amd64', os.version: '10.0', java.version: '17'
Driver info: driver.version: unknown
at org.openqa.selenium.support.ui.Select.selectByVisibleText(Select.java:151)
at com.bankproject.pageobject.OpenAccount.selectFromCustName(OpenAccount.java:61)
at com.bankproject.testcase.TC_003_OpenAccMultilpleUser.openMutlipleAcc(TC_003_OpenAccMultilpleUser.java:26)
at java.base/java.util.ArrayList.forEach(ArrayList.java:1511)
... Removed 27 stack frames]]>
    </failure>
  </testcase> <!-- openMutlipleAcc -->
</testsuite> <!-- Test -->
